# JRE version: OpenJDK Runtime Environment (23.0.2+7) (build 23.0.2+7-58)
# Java VM: OpenJDK 64-Bit Server VM (23.0.2+7-58, mixed mode, sharing, tiered, compressed oops, compressed class ptrs, g1 gc, windows-amd64)
GC Precious Log:
 CardTable entry size: 512
 Card Set container configuration: InlinePtr #cards 4 size 8 Array Of Cards #cards 32 size 80 Howl #buckets 8 coarsen threshold 7372 Howl Bitmap #cards 1024 size 144 coarsen threshold 921 Card regions per heap region 1 cards per card region 8192
 CPUs: 16 total, 16 available
 Memory: 32090M
 Large Page Support: Disabled
 NUMA Support: Disabled
 Compressed Oops: Enabled (Zero based)
 Heap Region Size: 4M
 Heap Min Capacity: 8M
 Heap Initial Capacity: 504M
 Heap Max Capacity: 8024M
 Pre-touch: Disabled
 Parallel Workers: 13
 Concurrent Workers: 3
 Concurrent Refinement Workers: 13
 Periodic GC: Disabled
Heap:
 garbage-first heap   total reserved 8216576K, committed 516096K, used 65807K [0x000000060a800000, 0x0000000800000000)
  region size 4096K, 15 young (61440K), 2 survivors (8192K)
 Metaspace       used 18553K, committed 18944K, reserved 1114112K
  class space    used 2633K, committed 2816K, reserved 1048576K
GC Heap History (6 events):
Event: 1.932 GC heap before
{Heap before GC invocations=0 (full 0):
 garbage-first heap   total reserved 8216576K, committed 516096K, used 24576K [0x000000060a800000, 0x0000000800000000)
  region size 4096K, 6 young (24576K), 0 survivors (0K)
 Metaspace       used 6559K, committed 6720K, reserved 1114112K
  class space    used 847K, committed 896K, reserved 1048576K
}
Event: 1.942 GC heap after
{Heap after GC invocations=1 (full 0):
 garbage-first heap   total reserved 8216576K, committed 516096K, used 4283K [0x000000060a800000, 0x0000000800000000)
  region size 4096K, 1 young (4096K), 1 survivors (4096K)
 Metaspace       used 6559K, committed 6720K, reserved 1114112K
  class space    used 847K, committed 896K, reserved 1048576K
}
Event: 3.714 GC heap before
{Heap before GC invocations=1 (full 0):
 garbage-first heap   total reserved 8216576K, committed 516096K, used 20667K [0x000000060a800000, 0x0000000800000000)
  region size 4096K, 6 young (24576K), 1 survivors (4096K)
 Metaspace       used 12685K, committed 12928K, reserved 1114112K
  class space    used 1911K, committed 1984K, reserved 1048576K
}
Event: 3.723 GC heap after
{Heap after GC invocations=2 (full 0):
 garbage-first heap   total reserved 8216576K, committed 516096K, used 7872K [0x000000060a800000, 0x0000000800000000)
  region size 4096K, 1 young (4096K), 1 survivors (4096K)
 Metaspace       used 12685K, committed 12928K, reserved 1114112K
  class space    used 1911K, committed 1984K, reserved 1048576K
}
Event: 13.271 GC heap before
{Heap before GC invocations=2 (full 0):
 garbage-first heap   total reserved 8216576K, committed 516096K, used 57024K [0x000000060a800000, 0x0000000800000000)
  region size 4096K, 13 young (53248K), 1 survivors (4096K)
 Metaspace       used 18371K, committed 18752K, reserved 1114112K
  class space    used 2630K, committed 2816K, reserved 1048576K
}
Event: 13.283 GC heap after
{Heap after GC invocations=3 (full 0):
 garbage-first heap   total reserved 8216576K, committed 516096K, used 16655K [0x000000060a800000, 0x0000000800000000)
  region size 4096K, 2 young (8192K), 2 survivors (8192K)
 Metaspace       used 18371K, committed 18752K, reserved 1114112K
  class space    used 2630K, committed 2816K, reserved 1048576K
}

